<?xml version="1.0" encoding="UTF-8"?>
<robot generator="Robot 6.1.1 (Python 3.12.1 on win32)" generated="20240826 14:01:00.557" rpa="false" schemaversion="4">
<suite id="s1" name="Ts1 Google Search" source="C:\Users\computer\Desktop\robot2\robot\ts1_google_search.robot">
<test id="s1-t1" name="Search Google and Verify Results TC1001" line="16">
<kw name="Open Google">
<kw name="Open Browser" library="SeleniumLibrary">
<arg>https://www.google.com</arg>
<arg>${BROWSER}</arg>
<doc>Opens a new browser instance to the optional ``url``.</doc>
<msg timestamp="20240826 14:01:00.758" level="INFO">Opening browser 'chrome' to base url 'https://www.google.com'.</msg>
<status status="PASS" starttime="20240826 14:01:00.757" endtime="20240826 14:01:06.534"/>
</kw>
<status status="PASS" starttime="20240826 14:01:00.757" endtime="20240826 14:01:06.534"/>
</kw>
<kw name="Input Search Term">
<kw name="Input Text" library="SeleniumLibrary">
<arg>name=q</arg>
<arg>${SEARCH_TERM}</arg>
<doc>Types the given ``text`` into the text field identified by ``locator``.</doc>
<msg timestamp="20240826 14:01:06.536" level="INFO">Typing text 'robot framework' into text field 'name=q'.</msg>
<status status="PASS" starttime="20240826 14:01:06.535" endtime="20240826 14:01:06.646"/>
</kw>
<status status="PASS" starttime="20240826 14:01:06.535" endtime="20240826 14:01:06.646"/>
</kw>
<kw name="Enter Google Search">
<kw name="Press Keys" library="SeleniumLibrary">
<arg>name=q</arg>
<arg>ENTER</arg>
<doc>Simulates the user pressing key(s) to an element or on the active browser.</doc>
<msg timestamp="20240826 14:01:06.647" level="INFO">Sending key(s) ('ENTER',) to name=q element.</msg>
<msg timestamp="20240826 14:01:06.926" level="INFO">Pressing special key ENTER to element.</msg>
<msg timestamp="20240826 14:01:06.926" level="INFO">Releasing special key ENTER.</msg>
<status status="PASS" starttime="20240826 14:01:06.647" endtime="20240826 14:01:17.861"/>
</kw>
<status status="PASS" starttime="20240826 14:01:06.646" endtime="20240826 14:01:17.861"/>
</kw>
<kw name="Verify Search Results">
<kw name="Page Should Contain" library="SeleniumLibrary">
<arg>${SEARCH_RESULT}</arg>
<doc>Verifies that current page contains ``text``.</doc>
<msg timestamp="20240826 14:01:17.906" level="INFO">Current page contains text 'robot'.</msg>
<status status="PASS" starttime="20240826 14:01:17.862" endtime="20240826 14:01:17.906"/>
</kw>
<status status="PASS" starttime="20240826 14:01:17.862" endtime="20240826 14:01:17.906"/>
</kw>
<kw name="Close Browser" library="SeleniumLibrary">
<doc>Closes the current browser.</doc>
<status status="PASS" starttime="20240826 14:01:17.907" endtime="20240826 14:01:20.023"/>
</kw>
<doc>Test case to search Google and verify results</doc>
<tag>search</tag>
<status status="PASS" starttime="20240826 14:01:00.757" endtime="20240826 14:01:20.025"/>
</test>
<test id="s1-t2" name="Search Google and Check Results TC1002" line="25">
<kw name="Open Google">
<kw name="Open Browser" library="SeleniumLibrary">
<arg>https://www.google.com</arg>
<arg>${BROWSER}</arg>
<doc>Opens a new browser instance to the optional ``url``.</doc>
<msg timestamp="20240826 14:01:20.030" level="INFO">Opening browser 'chrome' to base url 'https://www.google.com'.</msg>
<status status="PASS" starttime="20240826 14:01:20.029" endtime="20240826 14:01:23.962"/>
</kw>
<status status="PASS" starttime="20240826 14:01:20.029" endtime="20240826 14:01:23.962"/>
</kw>
<kw name="Input Search Term">
<kw name="Input Text" library="SeleniumLibrary">
<arg>name=q</arg>
<arg>${SEARCH_TERM}</arg>
<doc>Types the given ``text`` into the text field identified by ``locator``.</doc>
<msg timestamp="20240826 14:01:23.963" level="INFO">Typing text 'robot framework' into text field 'name=q'.</msg>
<status status="PASS" starttime="20240826 14:01:23.963" endtime="20240826 14:01:24.052"/>
</kw>
<status status="PASS" starttime="20240826 14:01:23.963" endtime="20240826 14:01:24.052"/>
</kw>
<kw name="Enter Google Search">
<kw name="Press Keys" library="SeleniumLibrary">
<arg>name=q</arg>
<arg>ENTER</arg>
<doc>Simulates the user pressing key(s) to an element or on the active browser.</doc>
<msg timestamp="20240826 14:01:24.053" level="INFO">Sending key(s) ('ENTER',) to name=q element.</msg>
<msg timestamp="20240826 14:01:24.340" level="INFO">Pressing special key ENTER to element.</msg>
<msg timestamp="20240826 14:01:24.340" level="INFO">Releasing special key ENTER.</msg>
<status status="PASS" starttime="20240826 14:01:24.053" endtime="20240826 14:01:33.790"/>
</kw>
<status status="PASS" starttime="20240826 14:01:24.052" endtime="20240826 14:01:33.790"/>
</kw>
<kw name="Verify Search Results">
<kw name="Page Should Contain" library="SeleniumLibrary">
<arg>${SEARCH_RESULT}</arg>
<doc>Verifies that current page contains ``text``.</doc>
<msg timestamp="20240826 14:01:33.844" level="INFO">Current page contains text 'robot'.</msg>
<status status="PASS" starttime="20240826 14:01:33.791" endtime="20240826 14:01:33.844"/>
</kw>
<status status="PASS" starttime="20240826 14:01:33.791" endtime="20240826 14:01:33.845"/>
</kw>
<kw name="Close Browser" library="SeleniumLibrary">
<doc>Closes the current browser.</doc>
<status status="PASS" starttime="20240826 14:01:33.845" endtime="20240826 14:01:35.974"/>
</kw>
<doc>Test case to search Google and verify results</doc>
<tag>search</tag>
<status status="PASS" starttime="20240826 14:01:20.028" endtime="20240826 14:01:35.974"/>
</test>
<test id="s1-t3" name="Search Google and Check Results TC1003" line="34">
<kw name="Open Google">
<kw name="Open Browser" library="SeleniumLibrary">
<arg>https://www.google.com</arg>
<arg>${BROWSER}</arg>
<doc>Opens a new browser instance to the optional ``url``.</doc>
<msg timestamp="20240826 14:01:35.976" level="INFO">Opening browser 'chrome' to base url 'https://www.google.com'.</msg>
<status status="PASS" starttime="20240826 14:01:35.976" endtime="20240826 14:01:38.737"/>
</kw>
<status status="PASS" starttime="20240826 14:01:35.975" endtime="20240826 14:01:38.737"/>
</kw>
<kw name="Input Search Term">
<kw name="Input Text" library="SeleniumLibrary">
<arg>name=q</arg>
<arg>${SEARCH_TERM}</arg>
<doc>Types the given ``text`` into the text field identified by ``locator``.</doc>
<msg timestamp="20240826 14:01:38.739" level="INFO">Typing text 'robot framework' into text field 'name=q'.</msg>
<msg timestamp="20240826 14:01:38.742" level="WARN">Keyword 'Capture Page Screenshot' could not be run on failure: Message: no such window: target window already closed
from unknown error: web view not found
  (Session info: chrome=128.0.6613.84)
Stacktrace:
	GetHandleVerifier [0x00007FF6DB37B632+29090]
	(No symbol) [0x00007FF6DB2EE6E9]
	(No symbol) [0x00007FF6DB1AB1CA]
	(No symbol) [0x00007FF6DB17FAF5]
	(No symbol) [0x00007FF6DB22E2E7]
	(No symbol) [0x00007FF6DB245EE1]
	(No symbol) [0x00007FF6DB226493]
	(No symbol) [0x00007FF6DB1F09B1]
	(No symbol) [0x00007FF6DB1F1B11]
	GetHandleVerifier [0x00007FF6DB69881D+3294093]
	GetHandleVerifier [0x00007FF6DB6E4403+3604339]
	GetHandleVerifier [0x00007FF6DB6DA2C7+3563063]
	GetHandleVerifier [0x00007FF6DB436F16+797318]
	(No symbol) [0x00007FF6DB2F986F]
	(No symbol) [0x00007FF6DB2F5454]
	(No symbol) [0x00007FF6DB2F55E0]
	(No symbol) [0x00007FF6DB2E4A7F]
	BaseThreadInitThunk [0x00007FFBF6107374+20]
	RtlUserThreadStart [0x00007FFBF789CC91+33]
</msg>
<msg timestamp="20240826 14:01:38.748" level="FAIL">NoSuchWindowException: Message: no such window: target window already closed
from unknown error: web view not found
  (Session info: chrome=128.0.6613.84)
Stacktrace:
	GetHandleVerifier [0x00007FF6DB37B632+29090]
	(No symbol) [0x00007FF6DB2EE6E9]
	(No symbol) [0x00007FF6DB1AB1CA]
	(No symbol) [0x00007FF6DB17FAF5]
	(No symbol) [0x00007FF6DB22E2E7]
	(No symbol) [0x00007FF6DB245EE1]
	(No symbol) [0x00007FF6DB226493]
	(No symbol) [0x00007FF6DB1F09B1]
	(No symbol) [0x00007FF6DB1F1B11]
	GetHandleVerifier [0x00007FF6DB69881D+3294093]
	GetHandleVerifier [0x00007FF6DB6E4403+3604339]
	GetHandleVerifier [0x00007FF6DB6DA2C7+3563063]
	GetHandleVerifier [0x00007FF6DB436F16+797318]
	(No symbol) [0x00007FF6DB2F986F]
	(No symbol) [0x00007FF6DB2F5454]
	(No symbol) [0x00007FF6DB2F55E0]
	(No symbol) [0x00007FF6DB2E4A7F]
	BaseThreadInitThunk [0x00007FFBF6107374+20]
	RtlUserThreadStart [0x00007FFBF789CC91+33]
</msg>
<status status="FAIL" starttime="20240826 14:01:38.738" endtime="20240826 14:01:38.877"/>
</kw>
<status status="FAIL" starttime="20240826 14:01:38.737" endtime="20240826 14:01:38.878"/>
</kw>
<kw name="Enter Google Search">
<status status="NOT RUN" starttime="20240826 14:01:38.878" endtime="20240826 14:01:38.878"/>
</kw>
<kw name="Verify Search Results">
<status status="NOT RUN" starttime="20240826 14:01:38.879" endtime="20240826 14:01:38.879"/>
</kw>
<kw name="Close Browser" library="SeleniumLibrary">
<doc>Closes the current browser.</doc>
<status status="NOT RUN" starttime="20240826 14:01:38.879" endtime="20240826 14:01:38.879"/>
</kw>
<doc>Test case to search Google and verify results</doc>
<tag>search</tag>
<status status="FAIL" starttime="20240826 14:01:35.975" endtime="20240826 14:01:38.880">NoSuchWindowException: Message: no such window: target window already closed
from unknown error: web view not found
  (Session info: chrome=128.0.6613.84)
Stacktrace:
	GetHandleVerifier [0x00007FF6DB37B632+29090]
	(No symbol) [0x00007FF6DB2EE6E9]
	(No symbol) [0x00007FF6DB1AB1CA]
	(No symbol) [0x00007FF6DB17FAF5]
	(No symbol) [0x00007FF6DB22E2E7]
	(No symbol) [0x00007FF6DB245EE1]
	(No symbol) [0x00007FF6DB226493]
	(No symbol) [0x00007FF6DB1F09B1]
	(No symbol) [0x00007FF6DB1F1B11]
	GetHandleVerifier [0x00007FF6DB69881D+3294093]
	GetHandleVerifier [0x00007FF6DB6E4403+3604339]
	GetHandleVerifier [0x00007FF6DB6DA2C7+3563063]
	GetHandleVerifier [0x00007FF6DB436F16+797318]
	(No symbol) [0x00007FF6DB2F986F]
	(No symbol) [0x00007FF6DB2F5454]
	(No symbol) [0x00007FF6DB2F55E0]
	(No symbol) [0x00007FF6DB2E4A7F]
	BaseThreadInitThunk [0x00007FFBF6107374+20]
	RtlUserThreadStart [0x00007FFBF789CC91+33]
</status>
</test>
<test id="s1-t4" name="Search Google and Check Results TC1004" line="43">
<kw name="Open Google">
<kw name="Open Browser" library="SeleniumLibrary">
<arg>https://www.google.com</arg>
<arg>${BROWSER}</arg>
<doc>Opens a new browser instance to the optional ``url``.</doc>
<msg timestamp="20240826 14:01:38.883" level="INFO">Opening browser 'chrome' to base url 'https://www.google.com'.</msg>
<status status="PASS" starttime="20240826 14:01:38.883" endtime="20240826 14:01:41.335"/>
</kw>
<status status="PASS" starttime="20240826 14:01:38.883" endtime="20240826 14:01:41.335"/>
</kw>
<kw name="Input Search Keyword">
<kw name="Input Text" library="SeleniumLibrary">
<arg>name=q</arg>
<arg>${SEARCH_KEYWORD}</arg>
<doc>Types the given ``text`` into the text field identified by ``locator``.</doc>
<msg timestamp="20240826 14:01:41.337" level="INFO">Typing text 'npru' into text field 'name=q'.</msg>
<msg timestamp="20240826 14:01:41.340" level="WARN">Keyword 'Capture Page Screenshot' could not be run on failure: Message: no such window: target window already closed
from unknown error: web view not found
  (Session info: chrome=128.0.6613.84)
Stacktrace:
	GetHandleVerifier [0x00007FF6DB37B632+29090]
	(No symbol) [0x00007FF6DB2EE6E9]
	(No symbol) [0x00007FF6DB1AB1CA]
	(No symbol) [0x00007FF6DB17FAF5]
	(No symbol) [0x00007FF6DB22E2E7]
	(No symbol) [0x00007FF6DB245EE1]
	(No symbol) [0x00007FF6DB226493]
	(No symbol) [0x00007FF6DB1F09B1]
	(No symbol) [0x00007FF6DB1F1B11]
	GetHandleVerifier [0x00007FF6DB69881D+3294093]
	GetHandleVerifier [0x00007FF6DB6E4403+3604339]
	GetHandleVerifier [0x00007FF6DB6DA2C7+3563063]
	GetHandleVerifier [0x00007FF6DB436F16+797318]
	(No symbol) [0x00007FF6DB2F986F]
	(No symbol) [0x00007FF6DB2F5454]
	(No symbol) [0x00007FF6DB2F55E0]
	(No symbol) [0x00007FF6DB2E4A7F]
	BaseThreadInitThunk [0x00007FFBF6107374+20]
	RtlUserThreadStart [0x00007FFBF789CC91+33]
</msg>
<msg timestamp="20240826 14:01:41.348" level="FAIL">NoSuchWindowException: Message: no such window: target window already closed
from unknown error: web view not found
  (Session info: chrome=128.0.6613.84)
Stacktrace:
	GetHandleVerifier [0x00007FF6DB37B632+29090]
	(No symbol) [0x00007FF6DB2EE6E9]
	(No symbol) [0x00007FF6DB1AB1CA]
	(No symbol) [0x00007FF6DB17FAF5]
	(No symbol) [0x00007FF6DB22E2E7]
	(No symbol) [0x00007FF6DB245EE1]
	(No symbol) [0x00007FF6DB226493]
	(No symbol) [0x00007FF6DB1F09B1]
	(No symbol) [0x00007FF6DB1F1B11]
	GetHandleVerifier [0x00007FF6DB69881D+3294093]
	GetHandleVerifier [0x00007FF6DB6E4403+3604339]
	GetHandleVerifier [0x00007FF6DB6DA2C7+3563063]
	GetHandleVerifier [0x00007FF6DB436F16+797318]
	(No symbol) [0x00007FF6DB2F986F]
	(No symbol) [0x00007FF6DB2F5454]
	(No symbol) [0x00007FF6DB2F55E0]
	(No symbol) [0x00007FF6DB2E4A7F]
	BaseThreadInitThunk [0x00007FFBF6107374+20]
	RtlUserThreadStart [0x00007FFBF789CC91+33]
</msg>
<status status="FAIL" starttime="20240826 14:01:41.337" endtime="20240826 14:01:41.350"/>
</kw>
<status status="FAIL" starttime="20240826 14:01:41.336" endtime="20240826 14:01:41.350"/>
</kw>
<kw name="Enter Google Search">
<status status="NOT RUN" starttime="20240826 14:01:41.350" endtime="20240826 14:01:41.350"/>
</kw>
<kw name="Verify Search Result Keyword">
<status status="NOT RUN" starttime="20240826 14:01:41.351" endtime="20240826 14:01:41.351"/>
</kw>
<kw name="Close Browser" library="SeleniumLibrary">
<doc>Closes the current browser.</doc>
<status status="NOT RUN" starttime="20240826 14:01:41.351" endtime="20240826 14:01:41.351"/>
</kw>
<doc>Test case to search Google and verify results</doc>
<tag>search</tag>
<status status="FAIL" starttime="20240826 14:01:38.882" endtime="20240826 14:01:41.351">NoSuchWindowException: Message: no such window: target window already closed
from unknown error: web view not found
  (Session info: chrome=128.0.6613.84)
Stacktrace:
	GetHandleVerifier [0x00007FF6DB37B632+29090]
	(No symbol) [0x00007FF6DB2EE6E9]
	(No symbol) [0x00007FF6DB1AB1CA]
	(No symbol) [0x00007FF6DB17FAF5]
	(No symbol) [0x00007FF6DB22E2E7]
	(No symbol) [0x00007FF6DB245EE1]
	(No symbol) [0x00007FF6DB226493]
	(No symbol) [0x00007FF6DB1F09B1]
	(No symbol) [0x00007FF6DB1F1B11]
	GetHandleVerifier [0x00007FF6DB69881D+3294093]
	GetHandleVerifier [0x00007FF6DB6E4403+3604339]
	GetHandleVerifier [0x00007FF6DB6DA2C7+3563063]
	GetHandleVerifier [0x00007FF6DB436F16+797318]
	(No symbol) [0x00007FF6DB2F986F]
	(No symbol) [0x00007FF6DB2F5454]
	(No symbol) [0x00007FF6DB2F55E0]
	(No symbol) [0x00007FF6DB2E4A7F]
	BaseThreadInitThunk [0x00007FFBF6107374+20]
	RtlUserThreadStart [0x00007FFBF789CC91+33]
</status>
</test>
<status status="FAIL" starttime="20240826 14:01:00.559" endtime="20240826 14:01:41.357"/>
</suite>
<statistics>
<total>
<stat pass="2" fail="2" skip="0">All Tests</stat>
</total>
<tag>
<stat pass="2" fail="2" skip="0">search</stat>
</tag>
<suite>
<stat pass="2" fail="2" skip="0" id="s1" name="Ts1 Google Search">Ts1 Google Search</stat>
</suite>
</statistics>
<errors>
<msg timestamp="20240826 14:01:38.742" level="WARN">Keyword 'Capture Page Screenshot' could not be run on failure: Message: no such window: target window already closed
from unknown error: web view not found
  (Session info: chrome=128.0.6613.84)
Stacktrace:
	GetHandleVerifier [0x00007FF6DB37B632+29090]
	(No symbol) [0x00007FF6DB2EE6E9]
	(No symbol) [0x00007FF6DB1AB1CA]
	(No symbol) [0x00007FF6DB17FAF5]
	(No symbol) [0x00007FF6DB22E2E7]
	(No symbol) [0x00007FF6DB245EE1]
	(No symbol) [0x00007FF6DB226493]
	(No symbol) [0x00007FF6DB1F09B1]
	(No symbol) [0x00007FF6DB1F1B11]
	GetHandleVerifier [0x00007FF6DB69881D+3294093]
	GetHandleVerifier [0x00007FF6DB6E4403+3604339]
	GetHandleVerifier [0x00007FF6DB6DA2C7+3563063]
	GetHandleVerifier [0x00007FF6DB436F16+797318]
	(No symbol) [0x00007FF6DB2F986F]
	(No symbol) [0x00007FF6DB2F5454]
	(No symbol) [0x00007FF6DB2F55E0]
	(No symbol) [0x00007FF6DB2E4A7F]
	BaseThreadInitThunk [0x00007FFBF6107374+20]
	RtlUserThreadStart [0x00007FFBF789CC91+33]
</msg>
<msg timestamp="20240826 14:01:41.340" level="WARN">Keyword 'Capture Page Screenshot' could not be run on failure: Message: no such window: target window already closed
from unknown error: web view not found
  (Session info: chrome=128.0.6613.84)
Stacktrace:
	GetHandleVerifier [0x00007FF6DB37B632+29090]
	(No symbol) [0x00007FF6DB2EE6E9]
	(No symbol) [0x00007FF6DB1AB1CA]
	(No symbol) [0x00007FF6DB17FAF5]
	(No symbol) [0x00007FF6DB22E2E7]
	(No symbol) [0x00007FF6DB245EE1]
	(No symbol) [0x00007FF6DB226493]
	(No symbol) [0x00007FF6DB1F09B1]
	(No symbol) [0x00007FF6DB1F1B11]
	GetHandleVerifier [0x00007FF6DB69881D+3294093]
	GetHandleVerifier [0x00007FF6DB6E4403+3604339]
	GetHandleVerifier [0x00007FF6DB6DA2C7+3563063]
	GetHandleVerifier [0x00007FF6DB436F16+797318]
	(No symbol) [0x00007FF6DB2F986F]
	(No symbol) [0x00007FF6DB2F5454]
	(No symbol) [0x00007FF6DB2F55E0]
	(No symbol) [0x00007FF6DB2E4A7F]
	BaseThreadInitThunk [0x00007FFBF6107374+20]
	RtlUserThreadStart [0x00007FFBF789CC91+33]
</msg>
</errors>
</robot>
